[43798] [?25l[36mâ”â”â”â”â”â”â”â”â”â”â”â”â”â”â”â”â”â”â”â”â”â”â”â”â”â”â”â”â”â”â”â”â”â”â”â”â”â”â”â”â”â”â”â”â”â”â”â”â”â”â”â”â”â”â”â”â”â”â”â”â”â”â”â”â”â”â”â”â”â”â”â”â”â”â”â”â”â”â”â”â”â”â”â”â”â”â”â”â”â”â”â”â”â”â”â”â”â”â”â”â”â”â”â”â”â”â”â”â”â”â”â”â”â”â”â”â”â”â”â”â”â”â”â”â”â”â”â”â”â”â”â”â”â”â”â”â”â”â”â”â”â”â”â”â”â”â”â”â”â”â”â”â”â”â”â”â”â”â”â”â”â”â”â”â”â”â”â”â”â”â”â”â”â”â”â”â”â”â”â”â”â”â”â”â”â”â”â”â”â”â”â”â”â”â”â”â”â”â”â”â”â”â”â”â”â”â”â”â”â”â”â”â”â”â”â”â”â”â”â”â”â”â”â”â”â”â”â”â”â”â”â”â”â”â”â”â”â”[1G[36mâ”â”â” [0;36mConfiguration[0m [36m[237G[0m[?25h
[43798] [94mâ”ƒ [0m[0;94m?[0m How would you like the application to consume [0;36mcli-kit[0m and [0;36mcli-ui[0m? [0;33m(Choose with â†‘ â†“ â, filter with 'f')[0m
[43798] [?25l[43798] [94mâ”ƒ [0m[0;94m> 1. [0;94;1mVendor  [0;94;1;3m(faster execution, more difficult to update deps)[0;94m[K[0m
[43798] [94mâ”ƒ [0m[0m  2. [0;1mBundler [0;1;3m(slower execution, easier dep management)[0m[K
[43798] [1A[1G[43798] [1A[1G[43798] [94mâ”ƒ [0m[0m  1. [0;1mVendor  [0;1;3m(faster execution, more difficult to update deps)[0m[K
[43798] [94mâ”ƒ [0m[0;94m> 2. [0;94;1mBundler [0;94;1;3m(slower execution, easier dep management)[0;94m[K[0m
[43798] [1A[1G[43798] [1A[1G[43798] [94mâ”ƒ [0m[0;94m> 1. [0;94;1mVendor  [0;94;1;3m(faster execution, more difficult to update deps)[0;94m[K[0m
[43798] [94mâ”ƒ [0m[0m  2. [0;1mBundler [0;1;3m(slower execution, easier dep management)[0m[K
[43798] [1A[1G[43798] [1A[1G[43798] [94mâ”ƒ [0m[0m  1. [0;1mVendor  [0;1;3m(faster execution, more difficult to update deps)[0m[K
[43798] [94mâ”ƒ [0m[0;94m> 2. [0;94;1mBundler [0;94;1;3m(slower execution, easier dep management)[0;94m[K[0m
[43798] [1A[1G[43798] [1A[1G[43798] [94mâ”ƒ [0m[0;94m> 1. [0;94;1mVendor  [0;94;1;3m(faster execution, more difficult to update deps)[0;94m[K[0m
[43798] [94mâ”ƒ [0m[0m  2. [0;1mBundler [0;1;3m(slower execution, easier dep management)[0m[K
[43798] [1A[1G[43798] [1A[1G[43798] [94mâ”ƒ [0m[0m  1. [0;1mVendor  [0;1;3m(faster execution, more difficult to update deps)[0m[K
[43798] [94mâ”ƒ [0m[0;94m> 2. [0;94;1mBundler [0;94;1;3m(slower execution, easier dep management)[0;94m[K[0m
[43798] [1A[1G[43798] [1A[1G[43798] [94mâ”ƒ [0m[0;94m> 1. [0;94;1mVendor  [0;94;1;3m(faster execution, more difficult to update deps)[0;94m[K[0m
[43798] [94mâ”ƒ [0m[0m  2. [0;1mBundler [0;1;3m(slower execution, easier dep management)[0m[K
[43798] [1A[1G[43798] [1A[1G[43798] [94mâ”ƒ [0m[0m  1. [0;1mVendor  [0;1;3m(faster execution, more difficult to update deps)[0m[K
[43798] [94mâ”ƒ [0m[0;94m> 2. [0;94;1mBundler [0;94;1;3m(slower execution, easier dep management)[0;94m[K[0m
[43798] [1A[1G[43798] [1A[1G[43798] [94mâ”ƒ [0m[0;94m> 1. [0;94;1mVendor  [0;94;1;3m(faster execution, more difficult to update deps)[0;94m[K[0m
[43798] [94mâ”ƒ [0m[0m  2. [0;1mBundler [0;1;3m(slower execution, easier dep management)[0m[K
[43798] [1A[1G[43798] [1A[1G[43798] [94mâ”ƒ [0m[0m  1. [0;1mVendor  [0;1;3m(faster execution, more difficult to update deps)[0m[K
[43798] [94mâ”ƒ [0m[0;94m> 2. [0;94;1mBundler [0;94;1;3m(slower execution, easier dep management)[0;94m[K[0m
[43798] [1A[1G[43798] [1A[1G[43798]                                                                                                                                                                                                                                               
[43798]                                                                                                                                                                                                                                               
[43798] [1A[1G[43798] [1A[1G[43798] [?25h[43798] [36mâ”ƒ [0m[1A[1G[K[43798] [1A[1G
[43798] [94mâ”ƒ [0m[0;94m?[0m How would you like the application to consume [0;36mcli-kit[0m and [0;36mcli-ui[0m? (You chose: [0;3mBundler [0;3;3m(slower execution, easier dep management)[0m)
[43798] [?25l[36mâ”â”â”â”â”â”â”â”â”â”â”â”â”â”â”â”â”â”â”â”â”â”â”â”â”â”â”â”â”â”â”â”â”â”â”â”â”â”â”â”â”â”â”â”â”â”â”â”â”â”â”â”â”â”â”â”â”â”â”â”â”â”â”â”â”â”â”â”â”â”â”â”â”â”â”â”â”â”â”â”â”â”â”â”â”â”â”â”â”â”â”â”â”â”â”â”â”â”â”â”â”â”â”â”â”â”â”â”â”â”â”â”â”â”â”â”â”â”â”â”â”â”â”â”â”â”â”â”â”â”â”â”â”â”â”â”â”â”â”â”â”â”â”â”â”â”â”â”â”â”â”â”â”â”â”â”â”â”â”â”â”â”â”â”â”â”â”â”â”â”â”â”â”â”â”â”â”â”â”â”â”â”â”â”â”â”â”â”â”â”â”â”â”â”â”â”â”â”â”â”â”â”â”â”â”â”â”â”â”â”â”â”â”â”â”â”â”â”â”â”â”â”â”â”â”â”â”â”â”â”â”â”â”â”â”â”â”â”[1G[36mâ”—â”â”[36m[227G (31.71s) [0m[?25h
[43798] [0m	[0;1;94mcreate[0;1m	[0m
[43798] [0m	[0;1;94mcreate[0;1m	test[0m
[43798] [0m	[0;1;94mcreate[0;1m	test/test_helper.rb[0m
[43798] [0m	[0;1;94mcreate[0;1m	test/example_test.rb[0m
[43798] [0m	[0;1;94mcreate[0;1m	bin[0m
[43798] [0m	[0;1;94mcreate[0;1m	bin/testunit[0m
[43798] [0m	[0;1;94mcreate[0;1m	dev.yml[0m
[43798] [0m	[0;1;94mcreate[0;1m	README.md[0m
[43798] [0m	[0;1;94mcreate[0;1m	lib[0m
[43798] [0m	[0;1;94mcreate[0;1m	lib/runtimecli.rb[0m
[43798] [0m	[0;1;94mcreate[0;1m	lib/runtimecli[0m
[43798] [0m	[0;1;94mcreate[0;1m	lib/runtimecli/commands.rb[0m
[43798] [0m	[0;1;94mcreate[0;1m	lib/runtimecli/entry_point.rb[0m
[43798] [0m	[0;1;94mcreate[0;1m	lib/runtimecli/commands[0m
[43798] [0m	[0;1;94mcreate[0;1m	lib/runtimecli/commands/help.rb[0m
[43798] [0m	[0;1;94mcreate[0;1m	lib/runtimecli/commands/example.rb[0m
[43798] [0m	[0;1;94mcreate[0;1m	Gemfile[0m
[43798] [0m	[0;1;94mcreate[0;1m	exe[0m
[43798] [0m	[0;1;94mcreate[0;1m	exe/runtimecli[0m
